<?xml version="1.0" encoding="UTF-8"?>
<!-- Generated by org.testng.reporters.JUnitXMLReporter -->
<testsuite hostname="Sameer" ignored="0" name="Test1" tests="1" failures="1" timestamp="20 Jan 2018 06:49:52 GMT" time="2.777" errors="0">
  <testcase name="validateLogin" time="1.966" classname="com.testcases.GmailLogin">
    <failure type="java.lang.AssertionError" message="null">
      <![CDATA[java.lang.AssertionError: null
	at com.testcases.GmailLogin.validateLogin(GmailLogin.java:15)
... Removed 31 stack frames]]>
    </failure>
  </testcase> <!-- validateLogin -->
</testsuite> <!-- Test1 -->
