-------------------------------------------------------------------------------
Test set: TestSuite
-------------------------------------------------------------------------------
Tests run: 1, Failures: 1, Errors: 0, Skipped: 0, Time elapsed: 30.289 s <<< FAILURE! - in TestSuite
validateLogin(com.testcases.GmailLogin)  Time elapsed: 2.724 s  <<< FAILURE!
java.lang.AssertionError: null
	at com.testcases.GmailLogin.validateLogin(GmailLogin.java:15)

