<?xml version="1.0" encoding="UTF-8"?>
<testng-results skipped="0" failed="0" ignored="0" total="1" passed="1">
  <reporter-output>
  </reporter-output>
  <suite name="Default suite" duration-ms="21875" started-at="2018-01-21T06:53:26Z" finished-at="2018-01-21T06:53:48Z">
    <groups>
    </groups>
    <test name="Default test" duration-ms="21875" started-at="2018-01-21T06:53:26Z" finished-at="2018-01-21T06:53:48Z">
      <class name="com.testcases.LoginValidation">
        <test-method status="PASS" signature="setUp()[pri:0, instance:com.testcases.LoginValidation@47c62251]" name="setUp" is-config="true" duration-ms="21550" started-at="2018-01-21T12:23:26Z" finished-at="2018-01-21T12:23:48Z">
          <reporter-output>
          </reporter-output>
        </test-method> <!-- setUp -->
        <test-method status="PASS" signature="verifyLogo()[pri:0, instance:com.testcases.LoginValidation@47c62251]" name="verifyLogo" duration-ms="254" started-at="2018-01-21T12:23:48Z" finished-at="2018-01-21T12:23:48Z">
          <reporter-output>
          </reporter-output>
        </test-method> <!-- verifyLogo -->
      </class> <!-- com.testcases.LoginValidation -->
    </test> <!-- Default test -->
  </suite> <!-- Default suite -->
</testng-results>
