<?xml version="1.0" encoding="UTF-8"?>
<!-- Generated by org.testng.reporters.JUnitXMLReporter -->
<testsuite hostname="Sameer" ignored="0" name="Test1" tests="1" failures="1" timestamp="14 Jan 2018 07:20:59 GMT" time="3.133" errors="0">
  <testcase name="validateLogin" time="1.828" classname="com.testcases.GmailLogin">
    <failure type="java.lang.NullPointerException">
      <![CDATA[java.lang.NullPointerException
	at com.base.TestBase.getElementLocator(TestBase.java:107)
	at com.base.TestBase.isElementPresent(TestBase.java:138)
	at com.testcases.GmailLogin.validateLogin(GmailLogin.java:15)
... Removed 25 stack frames]]>
    </failure>
  </testcase> <!-- validateLogin -->
</testsuite> <!-- Test1 -->
